c:\users\oscar\desktop\lab0702 - lemus oscar - 1194216\lab0702 - lemus oscar - 1194216\debug\lab0702 - lemus oscar - 1194216.pch
c:\users\oscar\desktop\lab0702 - lemus oscar - 1194216\lab0702 - lemus oscar - 1194216\debug\vc140.pdb
c:\users\oscar\desktop\lab0702 - lemus oscar - 1194216\lab0702 - lemus oscar - 1194216\debug\vc140.idb
c:\users\oscar\desktop\lab0702 - lemus oscar - 1194216\lab0702 - lemus oscar - 1194216\debug\stdafx.obj
c:\users\oscar\desktop\lab0702 - lemus oscar - 1194216\lab0702 - lemus oscar - 1194216\debug\dnode.obj
c:\users\oscar\desktop\lab0702 - lemus oscar - 1194216\lab0702 - lemus oscar - 1194216\debug\doublelinkedlist.obj
c:\users\oscar\desktop\lab0702 - lemus oscar - 1194216\lab0702 - lemus oscar - 1194216\debug\lab0702 - lemus oscar - 1194216.obj
c:\users\oscar\desktop\lab0702 - lemus oscar - 1194216\debug\lab0702 - lemus oscar - 1194216.ilk
c:\users\oscar\desktop\lab0702 - lemus oscar - 1194216\debug\lab0702 - lemus oscar - 1194216.exe
c:\users\oscar\desktop\lab0702 - lemus oscar - 1194216\debug\lab0702 - lemus oscar - 1194216.pdb
c:\users\oscar\desktop\lab0702 - lemus oscar - 1194216\lab0702 - lemus oscar - 1194216\debug\lab0702 - lemus oscar - 1194216.res
c:\users\jjaa0\documents\github\servers_system_simulator\lab0702 - lemus oscar - 1194216\lab0702 - lemus oscar - 1194216\debug\dnode.obj
c:\users\jjaa0\documents\github\servers_system_simulator\lab0702 - lemus oscar - 1194216\lab0702 - lemus oscar - 1194216\debug\doublelinkedlist.obj
c:\users\jjaa0\documents\github\servers_system_simulator\lab0702 - lemus oscar - 1194216\lab0702 - lemus oscar - 1194216\debug\lab0702 - lemus oscar - 1194216.obj
c:\users\jjaa0\documents\github\servers_system_simulator\lab0702 - lemus oscar - 1194216\lab0702 - lemus oscar - 1194216\debug\stdafx.obj
c:\users\jjaa0\documents\github\servers_system_simulator\lab0702 - lemus oscar - 1194216\lab0702 - lemus oscar - 1194216\debug\doublelinkedlist.obj.enc
c:\users\jjaa0\documents\github\servers_system_simulator\lab0702 - lemus oscar - 1194216\lab0702 - lemus oscar - 1194216\debug\lab0702 - lemus oscar - 1194216.res
c:\users\jjaa0\documents\github\servers_system_simulator\lab0702 - lemus oscar - 1194216\lab0702 - lemus oscar - 1194216\debug\lab0702 - lemus oscar - 1194216.pch
c:\users\jjaa0\documents\github\servers_system_simulator\lab0702 - lemus oscar - 1194216\lab0702 - lemus oscar - 1194216\debug\vc120.idb
c:\users\jjaa0\documents\github\servers_system_simulator\lab0702 - lemus oscar - 1194216\lab0702 - lemus oscar - 1194216\debug\vc140.idb
c:\users\jjaa0\documents\github\servers_system_simulator\lab0702 - lemus oscar - 1194216\lab0702 - lemus oscar - 1194216\debug\vc120.pdb
c:\users\jjaa0\documents\github\servers_system_simulator\lab0702 - lemus oscar - 1194216\lab0702 - lemus oscar - 1194216\debug\vc140.pdb
c:\users\jjaa0\documents\github\servers_system_simulator\lab0702 - lemus oscar - 1194216\debug\lab0702 - lemus oscar - 1194216.pdb
c:\users\jjaa0\documents\github\servers_system_simulator\lab0702 - lemus oscar - 1194216\debug\lab0702 - lemus oscar - 1194216.exe
c:\users\jjaa0\documents\github\servers_system_simulator\lab0702 - lemus oscar - 1194216\debug\lab0702 - lemus oscar - 1194216.ilk
c:\users\jjaa0\documents\github\servers_system_simulator\lab0702 - lemus oscar - 1194216\lab0702 - lemus oscar - 1194216\debug\lab0702 .128d7dc1.tlog\cl.command.1.tlog
c:\users\jjaa0\documents\github\servers_system_simulator\lab0702 - lemus oscar - 1194216\lab0702 - lemus oscar - 1194216\debug\lab0702 .128d7dc1.tlog\cl.read.1.tlog
c:\users\jjaa0\documents\github\servers_system_simulator\lab0702 - lemus oscar - 1194216\lab0702 - lemus oscar - 1194216\debug\lab0702 .128d7dc1.tlog\cl.write.1.tlog
c:\users\jjaa0\documents\github\servers_system_simulator\lab0702 - lemus oscar - 1194216\lab0702 - lemus oscar - 1194216\debug\lab0702 .128d7dc1.tlog\link.command.1.tlog
c:\users\jjaa0\documents\github\servers_system_simulator\lab0702 - lemus oscar - 1194216\lab0702 - lemus oscar - 1194216\debug\lab0702 .128d7dc1.tlog\link.read.1.tlog
c:\users\jjaa0\documents\github\servers_system_simulator\lab0702 - lemus oscar - 1194216\lab0702 - lemus oscar - 1194216\debug\lab0702 .128d7dc1.tlog\link.write.1.tlog
c:\users\jjaa0\documents\github\servers_system_simulator\lab0702 - lemus oscar - 1194216\lab0702 - lemus oscar - 1194216\debug\lab0702 .128d7dc1.tlog\rc.command.1.tlog
c:\users\jjaa0\documents\github\servers_system_simulator\lab0702 - lemus oscar - 1194216\lab0702 - lemus oscar - 1194216\debug\lab0702 .128d7dc1.tlog\rc.read.1.tlog
c:\users\jjaa0\documents\github\servers_system_simulator\lab0702 - lemus oscar - 1194216\lab0702 - lemus oscar - 1194216\debug\lab0702 .128d7dc1.tlog\rc.write.1.tlog
