  Stack.cpp
  Server.cpp
c:\users\oscar\desktop\proyecto servidores\serversystemsimulator_mainsolution\serversystemsimulator_mainsolution\server.cpp(201): warning C4018: '<': no coinciden signed/unsigned
c:\users\oscar\desktop\proyecto servidores\serversystemsimulator_mainsolution\serversystemsimulator_mainsolution\server.cpp(204): warning C4018: '<': no coinciden signed/unsigned
  RoundQueue.cpp
  RequestStack.cpp
  RequestQueue.cpp
  Request.cpp
  ReadFile.cpp
  NodeRequest.cpp
  Main.cpp
  LoadBalancer.cpp
  HardDisk.cpp
  DoubleLinkedQueue.cpp
  DoubleLinkedList.cpp
  DNode.cpp
  DisplayInformation.cpp
  Generando código...
c:\users\oscar\desktop\proyecto servidores\serversystemsimulator_mainsolution\serversystemsimulator_mainsolution\doublelinkedlist.cpp(134): warning C4715: 'DoubleLinkedList::RemoveHead': no todas las rutas de acceso de control devuelven un valor
c:\users\oscar\desktop\proyecto servidores\serversystemsimulator_mainsolution\serversystemsimulator_mainsolution\doublelinkedlist.cpp(257): warning C4715: 'DoubleLinkedList::RemoveTail': no todas las rutas de acceso de control devuelven un valor
c:\users\oscar\desktop\proyecto servidores\serversystemsimulator_mainsolution\serversystemsimulator_mainsolution\requeststack.cpp(66): warning C4715: 'CRequestStack::Top': no todas las rutas de acceso de control devuelven un valor
  ServerSystemSimulator_MainSolution.vcxproj -> C:\Users\Oscar\Desktop\Proyecto Servidores\ServerSystemSimulator_MainSolution\Debug\ServerSystemSimulator_MainSolution.exe
  ServerSystemSimulator_MainSolution.vcxproj -> C:\Users\Oscar\Desktop\Proyecto Servidores\ServerSystemSimulator_MainSolution\Debug\ServerSystemSimulator_MainSolution.pdb (Partial PDB)
