c:\users\oscar\desktop\proyecto servidores\serversystemsimulator_mainsolution\serversystemsimulator_mainsolution\debug\vc140.pdb
c:\users\oscar\desktop\proyecto servidores\serversystemsimulator_mainsolution\serversystemsimulator_mainsolution\debug\vc140.idb
c:\users\oscar\desktop\proyecto servidores\serversystemsimulator_mainsolution\serversystemsimulator_mainsolution\debug\dnode.obj
c:\users\oscar\desktop\proyecto servidores\serversystemsimulator_mainsolution\serversystemsimulator_mainsolution\debug\doublelinkedlist.obj
c:\users\oscar\desktop\proyecto servidores\serversystemsimulator_mainsolution\serversystemsimulator_mainsolution\debug\doublelinkedqueue.obj
c:\users\oscar\desktop\proyecto servidores\serversystemsimulator_mainsolution\serversystemsimulator_mainsolution\debug\main.obj
c:\users\oscar\desktop\proyecto servidores\serversystemsimulator_mainsolution\serversystemsimulator_mainsolution\debug\noderequest.obj
c:\users\oscar\desktop\proyecto servidores\serversystemsimulator_mainsolution\serversystemsimulator_mainsolution\debug\readfile.obj
c:\users\oscar\desktop\proyecto servidores\serversystemsimulator_mainsolution\serversystemsimulator_mainsolution\debug\request.obj
c:\users\oscar\desktop\proyecto servidores\serversystemsimulator_mainsolution\serversystemsimulator_mainsolution\debug\requestqueue.obj
c:\users\oscar\desktop\proyecto servidores\serversystemsimulator_mainsolution\serversystemsimulator_mainsolution\debug\requeststack.obj
c:\users\oscar\desktop\proyecto servidores\serversystemsimulator_mainsolution\serversystemsimulator_mainsolution\debug\server.obj
c:\users\oscar\desktop\proyecto servidores\serversystemsimulator_mainsolution\serversystemsimulator_mainsolution\debug\stack.obj
c:\users\oscar\desktop\proyecto servidores\serversystemsimulator_mainsolution\debug\serversystemsimulator_mainsolution.ilk
c:\users\oscar\desktop\proyecto servidores\serversystemsimulator_mainsolution\debug\serversystemsimulator_mainsolution.exe
c:\users\oscar\desktop\proyecto servidores\serversystemsimulator_mainsolution\debug\serversystemsimulator_mainsolution.pdb
c:\users\oscar\desktop\proyecto servidores\serversystemsimulator_mainsolution\serversystemsimulator_mainsolution\debug\serversy.901648b0.tlog\cl.command.1.tlog
c:\users\oscar\desktop\proyecto servidores\serversystemsimulator_mainsolution\serversystemsimulator_mainsolution\debug\serversy.901648b0.tlog\cl.read.1.tlog
c:\users\oscar\desktop\proyecto servidores\serversystemsimulator_mainsolution\serversystemsimulator_mainsolution\debug\serversy.901648b0.tlog\cl.write.1.tlog
c:\users\oscar\desktop\proyecto servidores\serversystemsimulator_mainsolution\serversystemsimulator_mainsolution\debug\serversy.901648b0.tlog\link.command.1.tlog
c:\users\oscar\desktop\proyecto servidores\serversystemsimulator_mainsolution\serversystemsimulator_mainsolution\debug\serversy.901648b0.tlog\link.read.1.tlog
c:\users\oscar\desktop\proyecto servidores\serversystemsimulator_mainsolution\serversystemsimulator_mainsolution\debug\serversy.901648b0.tlog\link.write.1.tlog
